<?xml version="1.0" encoding="UTF-8"?>
<testng-results ignored="0" total="0" passed="0" failed="0" skipped="0">
  <reporter-output>
  </reporter-output>
  <suite started-at="2024-08-27T15:51:52 IST" name="Default suite" finished-at="2024-08-27T15:52:22 IST" duration-ms="29806">
    <groups>
    </groups>
    <test started-at="2024-08-27T15:51:52 IST" name="Default test" finished-at="2024-08-27T15:52:22 IST" duration-ms="29806">
      <class name="com.testdemo.testingdemo.AppTest">
        <test-method is-config="true" signature="loginSuccess()[pri:0, instance:com.testdemo.testingdemo.AppTest@11392934]" started-at="2024-08-27T15:51:52 IST" name="loginSuccess" finished-at="2024-08-27T15:52:22 IST" duration-ms="29762" status="PASS">
          <reporter-output>
          </reporter-output>
        </test-method> <!-- loginSuccess -->
      </class> <!-- com.testdemo.testingdemo.AppTest -->
    </test> <!-- Default test -->
  </suite> <!-- Default suite -->
</testng-results>
